<?xml version="1.0" encoding="UTF-8"?>
<testsuite xmlns:xsi="http://www.w3.org/2001/XMLSchema-instance" xsi:noNamespaceSchemaLocation="https://maven.apache.org/surefire/maven-surefire-plugin/xsd/surefire-test-report.xsd" name="br.edu.ufape.LexerTest" time="0.033" tests="5" errors="0" skipped="0" failures="0">
  <properties>
[...]
</properties>
  <testcase name="testCompositeOperator" classname="br.edu.ufape.LexerTest" time="0.019"/>
  <testcase name="testKeywordRecognition" classname="br.edu.ufape.LexerTest" time="0.001"/>
  <testcase name="testFullStatement" classname="br.edu.ufape.LexerTest" time="0.001"/>
  <testcase name="testNumberRecognition" classname="br.edu.ufape.LexerTest" time="0"/>
  <testcase name="testIdentifierVsKeyword" classname="br.edu.ufape.LexerTest" time="0"/>
</testsuite>